naive	../test_case/regular/RGL1	1048576	6283266	1023	0.086676 1
rodinia ../test_case/regular/RGL1   1048576 6283266 1023    3.151416    1
pthread_baseline	../../test_case/regular/RGL1	1048576	6283266	1023	0.191899	1
pthread_bitmap	../../test_case/regular/RGL1	1048576	6283266	1023	0.190848	1
pthread_batch	../../test_case/regular/RGL1	1048576	6283266	1023	0.188638	1
pthread_check	../../test_case/regular/RGL1	1048576	6283266	1023	0.151716	1
pthread_channel	../../test_case/regular/RGL1	1048576	6283266	1023	0.162466	1
naive	../test_case/regular/RGL1	1048576	6283266	1023	0.086676 1
rodinia ../test_case/regular/RGL1   1048576 6283266 1023    2.355509    2
pthread_baseline	../../test_case/regular/RGL1	1048576	6283266	1023	0.194511	2
pthread_bitmap	../../test_case/regular/RGL1	1048576	6283266	1023	0.195100	2
pthread_batch	../../test_case/regular/RGL1	1048576	6283266	1023	0.194319	2
pthread_check	../../test_case/regular/RGL1	1048576	6283266	1023	0.156135	2
pthread_channel	../../test_case/regular/RGL1	1048576	6283266	1023	0.533214	2
naive	../test_case/regular/RGL1	1048576	6283266	1023	0.086676 1
rodinia ../test_case/regular/RGL1   1048576 6283266 1023    1.944801    4
pthread_baseline	../../test_case/regular/RGL1	1048576	6283266	1023	0.202742	4
pthread_bitmap	../../test_case/regular/RGL1	1048576	6283266	1023	0.204187	4
pthread_batch	../../test_case/regular/RGL1	1048576	6283266	1023	0.203093	4
pthread_check	../../test_case/regular/RGL1	1048576	6283266	1023	0.162885	4
pthread_channel	../../test_case/regular/RGL1	1048576	6283266	1023	0.453232	4
naive	../test_case/regular/RGL1	1048576	6283266	1023	0.086676 1
rodinia ../test_case/regular/RGL1   1048576 6283266 1023    2.721158    8
pthread_baseline	../../test_case/regular/RGL1	1048576	6283266	1023	0.439665	8
pthread_bitmap	../../test_case/regular/RGL1	1048576	6283266	1023	0.439208	8
pthread_batch	../../test_case/regular/RGL1	1048576	6283266	1023	0.341505	8
pthread_check	../../test_case/regular/RGL1	1048576	6283266	1023	0.289082	8
pthread_channel	../../test_case/regular/RGL1	1048576	6283266	1023	0.589237	8
naive	../test_case/regular/RGL1	1048576	6283266	1023	0.086676 1
rodinia ../test_case/regular/RGL1   1048576 6283266 1023    2.728519    16
pthread_baseline	../../test_case/regular/RGL1	1048576	6283266	1023	0.548978	16
pthread_bitmap	../../test_case/regular/RGL1	1048576	6283266	1023	0.538049	16
pthread_batch	../../test_case/regular/RGL1	1048576	6283266	1023	0.228058	16
pthread_check	../../test_case/regular/RGL1	1048576	6283266	1023	0.223536	16
pthread_channel	../../test_case/regular/RGL1	1048576	6283266	1023	0.752693	16
