2
2
2
5
6
7
11
12
17
14
14
9
9
9
10
12
11
11
14
13
15
18
23
22
26
18
23
21
24
27
28
37
40
39
40
33
38
37
40
38
40
45
45
52
56
52
63
71
82
89
87
86
101
100
120
131
146
146
138
149
173
170
167
184
177
171
178
169
184
193
186
192
184
185
191
183
176
179
188
200
189
181
191
182
165
172
168
165
160
158
163
177
166
178
181
189
188
203
200
208
215
217
235
250
240
248
256
266
258
266
285
306
289
299
314
324
344
339
331
314
302
338
321
318
334
353
360
390
383
407
408
401
400
423
416
437
445
453
472
491
489
522
546
539
544
551
537
558
548
548
573
595
567
546
543
558
569
618
627
665
691
687
681
680
701
683
635
652
693
689
677
669
667
680
659
636
612
604
599
588
608
613
603
582
607
651
676
640
651
633
636
634
626
646
666
680
670
634
643
653
671
651
665
667
671
688
676
692
660
687
717
755
754
770
797
819
810
779
760
727
703
655
646
653
673
692
700
687
706
731
743
748
748
716
742
764
743
753
709
696
657
644
653
662
674
673
736
684
698
751
777
781
770
772
771
741
753
772
753
793
780
761
799
814
819
843
847
847
850
869
902
887
854
904
902
872
911
920
916
914
927
909
906
923
941
943
942
942
950
940
928
882
845
852
859
879
819
816
812
825
853
813
780
753
779
794
788
789
772
788
805
756
752
757
773
765
810
856
854
869
895
924
948
889
903
913
929
917
899
912
928
930
962
970
1046
1064
1054
1092
1098
1122
1098
1111
1129
1155
1174
1188
1139
1099
1065
1067
1106
1110
1123
1085
1077
1049
1023
1028
1013
994
947
971
934
899
922
956
996
1011
1016
1084
1117
1140
1061
1077
1111
1061
1060
1035
1045
1072
1076
1030
1002
965
946
906
895
814
819
810
870
872
852
877
887
898
873
889
894
882
912
920
885
937
975
963
1023
1056
1123
1150
1158
1162
1174
1209
1248
1252
1287
1299
1326
1344
1390
1398
1395
1421
1391
1452
1506
1489
1565
1673
1699
1803
1874
1907
1886
1850
1915
1978
1987
2033
2044
2087
2078
2116
2096
2036
2081
2131
2116
2160
2195
2178
2222
2322
2308
2357
2387
2453
2530
2508
2472
2463
2466
2467
2504
2534
2507
2549
2558
2596
2680
2747
2735
2861
2888
2902
2994
3037
3077
3144
3261
3314
3318
3330
3327
3349
3365
3368
3322
3282
3297
3276
3185
3093
3025
3060
3015
2948
2862
2842
2860
2805
2782
2816
2828
2898
2850
2859
2888
2914
2931
2903
2882
2892
2921
2864
2873
2842
2819
2809
2848
2924
3003
3015
3021
2990
2931
2861
2841
2806
2798
2716
2578
2441
2374
2262
2242
2157
2155
2118
2170
2118
2054
2059
2028
2030
2025
2023
2040
2141
2166
2142
2162
2192
2222
2220
2243
2273
2335
2408
2455
2458
2407
2322
2328
2291
2222
2162
2133
2100
2107
2091
2052
2040
1982
1910
1864
1833
1780
1701
1670
1653
1658
1671
1708
1753
1839
1852
1845
1828
1828
1840
1836
1766
1744
1757
1830
1911
1931
1891
1973
2049
2074
2131
2177
2174
2146
2128
2094
2052
2088
2055
2084
2091
2067
2079
2148
2163
2110
2186
2189
2131
2148
2150
2233
2239
2190
2214
2267
2341
2396
2365
2355
2321
2258
2260
2289
2338
2386
2408
2496
2567
2586
2589
2483
2461
2421
2388
2385
2384
2412
2453
2437
2437
2428
2403
2427
2435
2367
2293
2288
2263
2277
2256
2276
2277
2250
2283
2307
2312
2336
2332
2326
2295
2238
2175
2123
2090
2063
2009
1907
1848
1761
1798
1851
1853
1830
1874
1824
1859
1810
1783
1781
1778
1764
1789
1756
1775
1725
1726
1673
1668
1680
1671
1665
1641
1634
1614
1609
1674
1669
1693
1707
1715
1772
1713
1754
1758
1757
1722
1724
1708
1739
1759
1747
1820
1831
1890
1915
1935
1961
1961
1879
1945
1975
2002
2075
2143
2167
2159
2159
2177
2166
2179
2184
2285
2299
2305
2317
2337
2380
2312
2289
2286
2285
2291
2306
2277
2284
2341
2296
2380
2357
2391
2418
2398
2391
2364
2335
2323
2388
2366
2421
2411
2377
2349
2335
2305
2301
2297
2283
2323
2361
2319
2289
2260
2222
2252
2249
2261
2193
2177
2165
2239
2160
2111
2137
2150
2106
2093
2056
2027
2040
2026
2016
2075
2106
2141
2114
2082
2105
2167
2212
2286
2272
2358
2287
2272
2274
2314
2388
2376
2282
2249
2219
2185
2233
2224
2220
2244
2242
2279
2315
2293
2292
2267
2267
2291
2272
2225
2157
2263
2323
2325
2364
2471
2482
2443
2465
2519
2620
2566
2598
2569
2539
2541
2588
2615
2660
2640
2679
2664
2734
2718
2784
2811
2773
2760
2725
2713
2802
2862
2860
2896
2914
2883
2929
2949
2893
2820
2774
2712
2716
2694
2718
2681
2733
2782
2829
2913
2928
3024
3068
3169
3131
3191
3164
3136
3262
3278
3291
3267
3159
3171
3256
3220
3169
3309
3283
3247
3255
3220
3202
3218
3300
3276
3235
3296
3230
3243
3259
3192
3108
3146
3158
3144
3190
3173
3140
3148
3195
3224
3180
3217
3261
3304
3296
3259
3331
3376
3464
3547
3576
3620
3606
3604
3634
3604
3500
3443
3463
3476
3502
3566
3561
3513
3584
3525
3534
3476
3382
3323
3285
3252
3158
3097
3211
3206
3166
3140
3117
3098
3099
3025
3036
2984
3010
3006
2902
2852
2855
2892
2922
2890
2792
2766
2853
2870
2912
2951
2966
2947
2912
2954
2970
2975
2898
2908
2971
3089
3162
3175
3211
3229
3231
3243
3311
3332
3369
3426
3470
3493
3537
3609
3679
3649
3720
3686
3700
3606
3501
3502
3397
3335
3290
3375
3439
3517
3469
3461
3443
3414
3433
3395
3464
3399
3378
3415
3339
3359
3398
3406
3322
3391
3328
3312
3296
3352
3294
3265
3332
3448
3401
3459
3541
3580
3623
3622
3740
3760
3746
3699
3706
3709
3767
3762
3753
3677
3576
3555
3523
3511
3456
3564
3571
3621
3575
3613
3692
3659
3727
3765
3756
3748
3753
3762
3818
3911
4003
4050
4117
4211
4300
4411
4419
4384
4386
4448
4489
4455
4453
4538
4540
4520
4560
4589
4550
4571
4582
4604
4606
4604
4530
4564
4504
4341
4301
4362
4384
4421
4432
4380
4478
4540
4580
4773
4735
4792
4910
4827
4730
4676
4709
4715
4692
4797
4720
4698
4776
4790
4731
4741
4797
4844
4788
4793
4755
4669
4641
4650
4574
4564
4534
4490
4468
4492
4543
4509
4546
4508
4515
4531
4515
4502
4547
4494
4522
4576
4611
4745
4786
4776
4685
4651
4705
4800
4769
4701
4647
4666
4762
4806
4939
5030
4995
5019
4963
5023
4956
4971
4877
4842
4864
4800
4798
4895
4882
4830
4861
4792
4868
4867
4847
4868
4942
5026
5118
5189
5233
5290
5293
5387
5478
5501
5445
5465
5560
5405
5382
5353
5366
5390
5261
5246
5263
5356
5284
5347
5327
5372
5249
5228
5143
5083
5115
5119
5098
5045
4923
4959
5045
5022
5025
4997
5019
4970
5077
5121
5008
4848
4737
4626
4513
4510
4509
4531
4500
4502
4445
4497
4609
4591
4545
4578
4627
4567
4606
4585
4563
4640
4708
4756
4817
4923
4840
4821
4821
4884
4933
4954
5008
5081
5170
5174
5169
5079
4955
4989
4962
4960
5022
4980
4931
4960
4955
5022
5038
5013
5066
5097
5165
5186
5209
5243
5269
5259
5246
5185
5113
5041
4995
4963
4825
4868
4805
4730
4678
4653
4613
4569
4629
4676
4575
4639
4715
4768
4729
4755
4746
4639
4630
4576
4463
4413
4346
4359
4369
4305
4233
4188
4128
4084
4095
4094
4125
4013
4095
4094
4087
4025
4081
4083
4026
4074
3928
3881
3835
3764
3837
3794
3728
3750
3778
3702
3684
3692
3678
3703
3652
3546
3483
3476
3459
3402
3378
3312
3313
3290
3323
3419
3371
3369
3343
3360
3359
3316
3382
3442
3446
3440
3387
3354
3326
3304
3339
3280
3247
3260
3281
3252
3210
3149
3111
3071
3104
3142
3105
3113
3125
3121
3065
3069
3037
3048
3101
3120
3061
3144
3068
3153
3231
3234
3281
3373
3341
3257
3243
3191
3128
3020
2953
2853
2855
2838
2780
2776
2720
2725
2725
2759
2708
2657
2610
2646
2678
2684
2654
2636
2665
2796
2852
2851
2905
2919
2887
2867
2806
2743
2679
2667
2662
2678
2664
2688
2731
2772
2830
2843
2943
2971
2958
3018
3026
3080
3093
3117
3150
3163
3100
3121
3125
3129
3144
3176
3173
3178
3120
3058
3083
3121
3181
3197
3258
3224
3114
2959
2920
2818
2743
2688
2721
2699
2721
2728
2667
2669
2700
2694
2638
2550
2561
2541
2518
2513
2498
2500
2512
2572
2565
2617
2665
2658
2635
2511
2445
2411
2409
2460
2426
2448
2456
2388
2328
2354
2342
2368
2400
2472
2530
2542
2576
2427
2414
2357
2312
2277
2263
2278
2306
2348
2394
2449
2476
2437
2381
2375
2416
2372
2440
2488
2530
2525
2594
2611
2590
2565
2570
2578
2683
2719
2804
2831
2743
2705
2648
2648
2654
2671
2684
2645
2663
2625
2562
2468
2417
2407
2327
2260
2240
2155
2132
2177
2215
2144
2125
2084
2064
2091
2042
2086
2070
2011
1976
1941
1963
1909
1925
1895
1805
1793
1746
1719
1686
1667
1659
1681
1752
1779
1787
1745
1776
1770
1772
1825
1851
1911
1828
1834
1925
1964
1980
1990
1990
2010
2072
2092
2135
2154
2136
2105
2080
2075
2062
2097
2137
2141
2189
2181
2159
2134
2142
2156
2157
2172
2209
2233
2289
2265
2239
2254
2258
2256
2264
2273
2327
2449
2551
2625
2581
2590
2639
2656
2669
2657
2695
2676
2728
2652
2604
2588
2594
2615
2574
2521
2568
2618
2633
2629
2516
2470
2442
2479
2470
2491
2494
2492
2417
2392
2425
2491
2524
2598
2674
2681
2656
2627
2580
2550
2568
2542
2519
2513
2535
2564
2517
2587
2559
2568
2521
2409
2458
2487
2506
2573
2575
2572
2546
2550
2529
2548
2569
2602
2652
2670
2671
2651
2662
2718
2719
2688
2631
2664
2727
2763
2782
2784
2814
2888
2955
2976
3036
3055
3056
3100
3137
3096
3151
3116
3009
2958
2973
3013
3037
2942
2927
2946
2893
2880
2789
2759
2740
2745
2782
2731
2782
2709
2734
2714
2665
2576
2573
2588
2590
2691
2743
2713
2686
2651
2605
2662
2754
2704
2795
2744
2722
2739
2739
2744
2696
2653
2645
2618
2566
2567
2641
2685
2706
2672
2619
2557
2576
2595
2583
2598
2658
2680
2683
2654
2726
2768
2807
2787
2768
2843
2820
2799
2802
2722
2691
2730
2707
2747
2807
2823
2783
2879
2804
2755
2805
2834
2833
2832
2791
2804
2784
2877
2771
2717
2697
2647
2656
2616
2658
2625
2572
2489
2415
2344
2293
2216
2188
2233
2212
2254
2290
2352
2349
2391
2429
2481
2479
2499
2498
2553
2503
2452
2401
2416
2466
2506
2528
2488
2552
2527
2525
2484
2452
2498
2517
2535
2523
2456
2430
2389
2434
2460
2375
2358
2434
2431
2453
2457
2473
2505
2402
2383
2381
2306
2290
2264
2233
2273
2310
2261
2273
2248
2332
2403
2371
2305
2254
2297
2230
2250
2237
2262
2305
2359
2363
2394
2386
2340
2269
2248
2262
2302
2309
2234
2238
2352
2349
2408
2395
2299
2278
2302
2337
2385
2402
2416
2383
2307
2348
2357
2316
2290
2275
2258
2244
2169
2126
2128
2122
2136
2138
2101
2077
2121
2181
2195
2162
2193
2197
2206
2181
2132
2161
2143
2111
2154
2109
2174
2236
2242
2309
2253
2241
2249
2245
2274
2279
2237
2166
2140
2152
2172
2133
2170
2144
2143
2142
2136
2162
2133
2130
2084
2120
2130
2169
2136
2123
2132
2177
2207
2151
2145
2128
2161
2153
2147
2059
2039
2032
2121
2156
2154
2103
2105
2123
2080
2133
2143
2187
2128
2079
2052
2012
2073
2058
2042
2039
2040
2093
2125
2140
2159
2145
2127
2186
2182
2184
2208
2280
2278
2276
2325
2382
2388
2345
2320
2335
2326
2342
2299
2336
2402
2449
2418
2354
2269
2349
2303
2293
2339
2298
2317
2369
2385
2347
2317
2276
2275
2289
2241
2180
2228
2199
2224
2240
2267
2300
2288
2372
2490
2549
2552
2585
2601
2632
2665
2582
2559
2468
2494
2529
2580
2573
2626
2570
2490
2448
2465
2496
2484
2496
2473
2533
2520
2563
2530
2549
2507
2395
2368
2304
2233
2135
2116
2176
2224
2202
2189
2126
2077
2062
2090
2083
2056
2057
2055
2035
2018
2044
2088
2039
2041
2105
2122
2179
2209
2194
2279
2313
2350
2281
2335
2414
2425
2422
2446
2482
2516
2509
2527
2499
2516
2545
2569
2593
2608
2606
2533
2496
2502
2488
2473
2451
2436
2386
2406
2390
2368
2377
2471
2503
2473
2483
2450
2340
2358
2348
2339
2359
2377
2355
2435
2472
2511
2542
2469
2489
2459
2471
2407
2459
2478
2519
2434
2507
2546
2560
2642
2654
2615
2577
2585
2596
2586
2571
2526
2518
2528
2550
2582
2603
2614
2565
2565
2597
2519
2494
2506
2475
2431
2333
2342
2348
2336
2348
2364
2390
2333
2313
2296
2185
2200
2188
2170
2276
2336
2314
2269
2256
2281
2311
2340
2339
2373
2272
2287
2276
2285
2207
2276
2304
2294
2292
2316
2376
2419
2487
2485
2467
2535
2605
2645
2694
2637
2620
2580
2528
2488
2444
2506
2475
2494
2483
2432
2469
2442
2457
2460
2425
2470
2510
2533
2515
2570
2606
2624
2553
2477
2512
2470
2388
2403
2371
2415
2414
2447
2485
2468
2475
2472
2499
2447
2352
2364
2326
2342
2391
2416
2413
2377
2334
2355
2371
2267
2216
2264
2229
2201
2188
2134
2142
2101
2061
2050
2150
2119
2142
2166
2192
2160
2203
2248
2249
2297
2287
2295
2262
2240
2164
2168
2085
2012
1890
1843
1882
1872
1807
1828
1795
1806
1758
1755
1721
1719
1726
1696
1677
1671
1662
1699
1677
1637
1657
1689
1620
1638
1661
1673
1700
1655
1636
1660
1694
1699
1675
1634
1610
1544
1530
1507
1541
1598
1612
1565
1539
1572
1591
1559
1568
1600
1559
1470
1494
1411
1395
1423
1413
1392
1348
1348
1310
1283
1329
1350
1403
1423
1422
1437
1440
1413
1378
1356
1331
1369
1439
1402
1391
1385
1446
1484
1483
1422
1477
1454
1485
1559
1524
1438
1420
1381
1381
1356
1268
1241
1189
1162
1141
1066
1046
1068
1065
1096
1103
1084
1132
1138
1121
1101
1125
1203
1176
1222
1216
1212
1181
1204
1248
1226
1216
1204
1220
1290
1308
1339
1325
1310
1269
1253
1248
1238
1220
1208
1218
1206
1195
1184
1204
1154
1103
1107
1132
1156
1189
1184
1233
1284
1306
1308
1300
1293
1296
1347
1342
1318
1302
1257
1259
1207
1216
1246
1231
1172
1131
1106
1156
1160
1144
1159
1202
1248
1258
1265
1272
1177
1168
1139
1147
1224
1246
1258
1283
1274
1258
1257
1295
1354
1383
1355
1297
1284
1294
1264
1248
1201
1206
1205
1203
1200
1217
1229
1278
1241
1220
1188
1170
1144
1077
1033
1026
1047
1026
1003
964
945
934
966
950
942
901
928
938
946
945
967
1007
1005
1018
1002
1030
1047
1024
1049
1031
1012
1011
968
961
971
1010
1015
1011
930
895
845
858
829
797
838
846
822
864
887
852
836
822
821
801
803
826
818
814
811
774
743
742
711
695
732
725
735
731
740
731
741
731
732
709
730
661
671
655
638
633
617
580
612
617
618
629
624
613
649
670
671
661
668
685
654
637
654
632
641
630
616
641
627
635
644
686
663
680
729
730
736
788
807
807
783
734
711
702
716
693
686
672
675
692
729
735
757
786
771
818
811
786
768
756
770
763
758
759
768
777
820
783
755
720
750
754
741
753
730
720
686
650
652
671
661
647
634
615
563
579
531
510
484
505
502
482
473
473
501
493
505
515
517
484
464
464
431
456
449
451
445
448
419
419
397
396
390
372
357
313
328
325
306
295
291
287
254
248
240
221
229
247
262
256
242
251
253
234
262
262
245
270
261
272
270
272
265
296
285
285
278
292
285
264
237
263
260
270
275
313
323
294
297
323
333
320
319
295
282
278
262
271
260
232
227
240
240
227
223
223
206
201
195
197
196
196
188
199
193
205
197
195
198
188
157
154
155
181
183
181
184
181
180
189
198
187
188
181
203
210
193
193
186
183
195
182
184
185
189
182
169
181
179
165
185
180
167
178
195
182
191
191
198
214
202
211
242
249
285
298
300
298
292
279
282
273
269
282
257
238
230
191
189
187
191
193
215
181
173
153
154
165
159
167
172
158
159
159
171
175
180
188
174
183
185
180
179
184
168
164
166
176
192
178
181
182
174
182
202
218
243
259
238
238
245
234
231
266
266
261
268
255
249
254
253
271
244
227
236
243
279
283
297
300
315
356
363
370
350
353
318
321
306
299
314
290
285
282
285
288
269
239
243
278
283
252
251
268
269
242
215
207
195
194
198
185
200
229
216
218
215
221
232
218
218
222
215
222
215
199
198
202
226
228
230
207
207
212
226
239
233
233
239
213
224
225
218
214
204
193
184
198
191
216
223
234
250
249
245
224
243
255
271
273
276
246
231
232
254
238
208
189
206
199
198
139
140
132
125
124
118
119
120
123
109
91
88
79
66
68
60
63
74
63
68
76
62
62
78
84
88
93
98
95
103
115
114
106
93
82
70
65
61
48
45
44
44
30
33
35
28
20
13
14
16
18
18
17
19
17
19
23
30
31
33
28
25
31
40
45
46
50
49
58
47
50
55
56
55
44
41
39
42
41
43
49
46
43
41
34
23
21
23
19
16
11
10
14
13
11
8
8
5
3
5
4
5
3
2
2
