gpu_baseline	../../test_case/irregular/IRGL1	1049600	8380418	1024	1.236795	1
gpu_baseline	../../test_case/irregular/IRGL1	1049600	8380418	1024	1.136109	2
gpu_baseline	../../test_case/irregular/IRGL1	1049600	8380418	1024	1.100575	4
gpu_baseline	../../test_case/irregular/IRGL1	1049600	8380418	1024	1.057451	8
gpu_baseline	../../test_case/irregular/IRGL1	1049600	8380418	1024	1.061069	16
gpu_baseline	../../test_case/irregular/IRGL1	1049600	8380418	1024	1.061811	32
gpu_baseline	../../test_case/irregular/IRGL1	1049600	8380418	1024	1.061965	64
gpu_baseline	../../test_case/irregular/IRGL1	1049600	8380418	1024	1.064853	128
gpu_baseline	../../test_case/irregular/IRGL1	1049600	8380418	1024	1.061443	256
gpu_baseline	../../test_case/irregular/IRGL1	1049600	8380418	1024	1.061924	512
gpu_baseline	../../test_case/irregular/IRGL1	1049600	8380418	1024	1.061792	1024
gpu_baseline	../../test_case/irregular/IRGL2	1049600	10473476	1024	1.259227	1
gpu_baseline	../../test_case/irregular/IRGL2	1049600	10473476	1024	1.154580	2
gpu_baseline	../../test_case/irregular/IRGL2	1049600	10473476	1024	1.113038	4
gpu_baseline	../../test_case/irregular/IRGL2	1049600	10473476	1024	1.066237	8
gpu_baseline	../../test_case/irregular/IRGL2	1049600	10473476	1024	1.070376	16
gpu_baseline	../../test_case/irregular/IRGL2	1049600	10473476	1024	1.069294	32
gpu_baseline	../../test_case/irregular/IRGL2	1049600	10473476	1024	1.069544	64
gpu_baseline	../../test_case/irregular/IRGL2	1049600	10473476	1024	1.073076	128
gpu_baseline	../../test_case/irregular/IRGL2	1049600	10473476	1024	1.068590	256
gpu_baseline	../../test_case/irregular/IRGL2	1049600	10473476	1024	1.069655	512
gpu_baseline	../../test_case/irregular/IRGL2	1049600	10473476	1024	1.069198	1024
gpu_baseline	../../test_case/irregular/IRGL3	1049600	14651412	513	1.089004	1
gpu_baseline	../../test_case/irregular/IRGL3	1049600	14651412	513	0.774445	2
gpu_baseline	../../test_case/irregular/IRGL3	1049600	14651412	513	0.644152	4
gpu_baseline	../../test_case/irregular/IRGL3	1049600	14651412	513	0.586881	8
gpu_baseline	../../test_case/irregular/IRGL3	1049600	14651412	513	0.568769	16
gpu_baseline	../../test_case/irregular/IRGL3	1049600	14651412	513	0.562442	32
gpu_baseline	../../test_case/irregular/IRGL3	1049600	14651412	513	0.563103	64
gpu_baseline	../../test_case/irregular/IRGL3	1049600	14651412	513	0.563144	128
gpu_baseline	../../test_case/irregular/IRGL3	1049600	14651412	513	0.563015	256
gpu_baseline	../../test_case/irregular/IRGL3	1049600	14651412	513	0.564170	512
gpu_baseline	../../test_case/irregular/IRGL3	1049600	14651412	513	0.562953	1024
gpu_baseline	../../test_case/irregular/IRGL4	1049600	18837524	513	1.017420	1
gpu_baseline	../../test_case/irregular/IRGL4	1049600	18837524	513	0.711884	2
gpu_baseline	../../test_case/irregular/IRGL4	1049600	18837524	513	0.635729	4
gpu_baseline	../../test_case/irregular/IRGL4	1049600	18837524	513	0.625864	8
gpu_baseline	../../test_case/irregular/IRGL4	1049600	18837524	513	0.572989	16
gpu_baseline	../../test_case/irregular/IRGL4	1049600	18837524	513	0.573076	32
gpu_baseline	../../test_case/irregular/IRGL4	1049600	18837524	513	0.573928	64
gpu_baseline	../../test_case/irregular/IRGL4	1049600	18837524	513	0.574065	128
gpu_baseline	../../test_case/irregular/IRGL4	1049600	18837524	513	0.573554	256
gpu_baseline	../../test_case/irregular/IRGL4	1049600	18837524	513	0.573027	512
gpu_baseline	../../test_case/irregular/IRGL4	1049600	18837524	513	0.573742	1024
gpu_baseline	../../test_case/irregular/IRGL5	5248000	41918466	5120	6.182193	1
gpu_baseline	../../test_case/irregular/IRGL5	5248000	41918466	5120	5.695518	2
gpu_baseline	../../test_case/irregular/IRGL5	5248000	41918466	5120	5.477839	4
gpu_baseline	../../test_case/irregular/IRGL5	5248000	41918466	5120	5.317606	8
gpu_baseline	../../test_case/irregular/IRGL5	5248000	41918466	5120	5.305537	16
gpu_baseline	../../test_case/irregular/IRGL5	5248000	41918466	5120	5.305531	32
gpu_baseline	../../test_case/irregular/IRGL5	5248000	41918466	5120	5.306913	64
gpu_baseline	../../test_case/irregular/IRGL5	5248000	41918466	5120	5.323774	128
gpu_baseline	../../test_case/irregular/IRGL5	5248000	41918466	5120	5.305763	256
gpu_baseline	../../test_case/irregular/IRGL5	5248000	41918466	5120	5.304795	512
gpu_baseline	../../test_case/irregular/IRGL5	5248000	41918466	5120	5.306036	1024
gpu_baseline	../../test_case/irregular/IRGL6	5248000	52391940	5120	6.309915	1
gpu_baseline	../../test_case/irregular/IRGL6	5248000	52391940	5120	5.789627	2
gpu_baseline	../../test_case/irregular/IRGL6	5248000	52391940	5120	5.515843	4
gpu_baseline	../../test_case/irregular/IRGL6	5248000	52391940	5120	5.370641	8
gpu_baseline	../../test_case/irregular/IRGL6	5248000	52391940	5120	5.386195	16
gpu_baseline	../../test_case/irregular/IRGL6	5248000	52391940	5120	5.385793	32
gpu_baseline	../../test_case/irregular/IRGL6	5248000	52391940	5120	5.396134	64
gpu_baseline	../../test_case/irregular/IRGL6	5248000	52391940	5120	5.384845	128
gpu_baseline	../../test_case/irregular/IRGL6	5248000	52391940	5120	5.384911	256
gpu_baseline	../../test_case/irregular/IRGL6	5248000	52391940	5120	5.402590	512
gpu_baseline	../../test_case/irregular/IRGL6	5248000	52391940	5120	5.387138	1024
gpu_baseline	../../test_case/irregular/IRGL7	5248000	73314324	2561	5.330420	1
gpu_baseline	../../test_case/irregular/IRGL7	5248000	73314324	2561	3.909719	2
gpu_baseline	../../test_case/irregular/IRGL7	5248000	73314324	2561	3.182232	4
gpu_baseline	../../test_case/irregular/IRGL7	5248000	73314324	2561	2.938568	8
gpu_baseline	../../test_case/irregular/IRGL7	5248000	73314324	2561	2.849091	16
gpu_baseline	../../test_case/irregular/IRGL7	5248000	73314324	2561	2.780200	32
gpu_baseline	../../test_case/irregular/IRGL7	5248000	73314324	2561	2.785960	64
gpu_baseline	../../test_case/irregular/IRGL7	5248000	73314324	2561	2.780150	128
gpu_baseline	../../test_case/irregular/IRGL7	5248000	73314324	2561	2.778181	256
gpu_baseline	../../test_case/irregular/IRGL7	5248000	73314324	2561	2.778679	512
gpu_baseline	../../test_case/irregular/IRGL7	5248000	73314324	2561	2.780746	1024
gpu_baseline	../../test_case/irregular/IRGL8	5248000	94261268	2561	4.527110	1
gpu_baseline	../../test_case/irregular/IRGL8	5248000	94261268	2561	3.547871	2
gpu_baseline	../../test_case/irregular/IRGL8	5248000	94261268	2561	3.115090	4
gpu_baseline	../../test_case/irregular/IRGL8	5248000	94261268	2561	2.950748	8
gpu_baseline	../../test_case/irregular/IRGL8	5248000	94261268	2561	2.869586	16
gpu_baseline	../../test_case/irregular/IRGL8	5248000	94261268	2561	2.838235	32
gpu_baseline	../../test_case/irregular/IRGL8	5248000	94261268	2561	2.832151	64
gpu_baseline	../../test_case/irregular/IRGL8	5248000	94261268	2561	2.833548	128
gpu_baseline	../../test_case/irregular/IRGL8	5248000	94261268	2561	2.833410	256
gpu_baseline	../../test_case/irregular/IRGL8	5248000	94261268	2561	2.835656	512
gpu_baseline	../../test_case/irregular/IRGL8	5248000	94261268	2561	2.834446	1024
gpu_baseline	../../test_case/irregular/IRGL9	10496000	83841026	10240	12.364187	1
gpu_baseline	../../test_case/irregular/IRGL9	10496000	83841026	10240	11.398585	2
gpu_baseline	../../test_case/irregular/IRGL9	10496000	83841026	10240	10.923722	4
gpu_baseline	../../test_case/irregular/IRGL9	10496000	83841026	10240	10.668274	8
gpu_baseline	../../test_case/irregular/IRGL9	10496000	83841026	10240	10.659177	16
gpu_baseline	../../test_case/irregular/IRGL9	10496000	83841026	10240	10.617876	32
gpu_baseline	../../test_case/irregular/IRGL9	10496000	83841026	10240	10.618790	64
gpu_baseline	../../test_case/irregular/IRGL9	10496000	83841026	10240	10.619804	128
gpu_baseline	../../test_case/irregular/IRGL9	10496000	83841026	10240	10.617944	256
gpu_baseline	../../test_case/irregular/IRGL9	10496000	83841026	10240	10.618604	512
gpu_baseline	../../test_case/irregular/IRGL9	10496000	83841026	10240	10.617583	1024
gpu_baseline	../../test_case/irregular/IRGL10	10496000	104790020	10240	12.635303	1
gpu_baseline	../../test_case/irregular/IRGL10	10496000	104790020	10240	11.565428	2
gpu_baseline	../../test_case/irregular/IRGL10	10496000	104790020	10240	11.029458	4
gpu_baseline	../../test_case/irregular/IRGL10	10496000	104790020	10240	10.750441	8
gpu_baseline	../../test_case/irregular/IRGL10	10496000	104790020	10240	10.778862	16
gpu_baseline	../../test_case/irregular/IRGL10	10496000	104790020	10240	10.817517	32
gpu_baseline	../../test_case/irregular/IRGL10	10496000	104790020	10240	10.782196	64
gpu_baseline	../../test_case/irregular/IRGL10	10496000	104790020	10240	10.816152	128
gpu_baseline	../../test_case/irregular/IRGL10	10496000	104790020	10240	10.784231	256
gpu_baseline	../../test_case/irregular/IRGL10	10496000	104790020	10240	10.816662	512
gpu_baseline	../../test_case/irregular/IRGL10	10496000	104790020	10240	10.782540	1024
